<?xml version="1.0" encoding="UTF-8"?>
<testng-results ignored="0" total="3" passed="3" failed="0" skipped="0">
  <reporter-output>
  </reporter-output>
  <suite started-at="2026-05-31T13:34:17 IST" name="Holiday Home Calculator Test Suite" finished-at="2026-05-31T13:46:49 IST" duration-ms="752109">
    <groups>
      <group name="cucumber">
        <method signature="AbstractTestNGCucumberTests.runScenario(io.cucumber.testng.PickleWrapper,io.cucumber.testng.FeatureWrapper)[pri:0, instance:runners.TestRunner@1190200a]" name="runScenario" class="io.cucumber.testng.AbstractTestNGCucumberTests"/>
      </group> <!-- cucumber -->
    </groups>
    <test started-at="2026-05-31T13:34:17 IST" name="Cucumber BDD Tests" finished-at="2026-05-31T13:46:49 IST" duration-ms="752109">
      <class name="runners.TestRunner">
        <test-method is-config="true" signature="setUpClass(org.testng.ITestContext)[pri:0, instance:runners.TestRunner@1190200a]" started-at="2026-05-31T13:34:17 IST" name="setUpClass" finished-at="2026-05-31T13:34:18 IST" duration-ms="410" status="PASS">
          <params>
            <param index="0">
              <value>
                <![CDATA[org.testng.TestRunner@541c32de]]>
              </value>
            </param>
          </params>
          <reporter-output>
          </reporter-output>
        </test-method> <!-- setUpClass -->
        <test-method signature="runScenario(io.cucumber.testng.PickleWrapper,io.cucumber.testng.FeatureWrapper)[pri:0, instance:runners.TestRunner@1190200a]" started-at="2026-05-31T13:34:18 IST" name="runScenario" description="Runs Cucumber Scenarios" data-provider="scenarios" finished-at="2026-05-31T13:38:25 IST" duration-ms="247255" status="PASS">
          <params>
            <param index="0">
              <value>
                <![CDATA["Search Holiday Homes Using Excel Data"]]>
              </value>
            </param>
            <param index="1">
              <value>
                <![CDATA["Holiday Home Search"]]>
              </value>
            </param>
          </params>
          <reporter-output>
          </reporter-output>
        </test-method> <!-- runScenario -->
        <test-method signature="runScenario(io.cucumber.testng.PickleWrapper,io.cucumber.testng.FeatureWrapper)[pri:0, instance:runners.TestRunner@1190200a]" started-at="2026-05-31T13:38:25 IST" name="runScenario" description="Runs Cucumber Scenarios" data-provider="scenarios" finished-at="2026-05-31T13:43:12 IST" duration-ms="286816" status="PASS">
          <params>
            <param index="0">
              <value>
                <![CDATA["Verify Amenity On First Property"]]>
              </value>
            </param>
            <param index="1">
              <value>
                <![CDATA["Holiday Home Search"]]>
              </value>
            </param>
          </params>
          <reporter-output>
          </reporter-output>
        </test-method> <!-- runScenario -->
        <test-method signature="runScenario(io.cucumber.testng.PickleWrapper,io.cucumber.testng.FeatureWrapper)[pri:0, instance:runners.TestRunner@1190200a]" started-at="2026-05-31T13:43:12 IST" name="runScenario" description="Runs Cucumber Scenarios" data-provider="scenarios" finished-at="2026-05-31T13:46:49 IST" duration-ms="217559" status="PASS">
          <params>
            <param index="0">
              <value>
                <![CDATA["Invalid Search Validation"]]>
              </value>
            </param>
            <param index="1">
              <value>
                <![CDATA["Validation"]]>
              </value>
            </param>
          </params>
          <reporter-output>
          </reporter-output>
        </test-method> <!-- runScenario -->
        <test-method is-config="true" signature="tearDownClass()[pri:0, instance:runners.TestRunner@1190200a]" started-at="2026-05-31T13:46:49 IST" name="tearDownClass" finished-at="2026-05-31T13:46:49 IST" duration-ms="33" status="PASS">
          <reporter-output>
          </reporter-output>
        </test-method> <!-- tearDownClass -->
      </class> <!-- runners.TestRunner -->
    </test> <!-- Cucumber BDD Tests -->
  </suite> <!-- Holiday Home Calculator Test Suite -->
</testng-results>
