<?xml version="1.0" encoding="UTF-8"?>
<testng-results ignored="0" total="3" passed="3" failed="0" skipped="0">
  <reporter-output>
  </reporter-output>
  <suite started-at="2026-06-01T18:11:34 IST" name="Default suite" finished-at="2026-06-01T18:13:51 IST" duration-ms="136405">
    <groups>
      <group name="cucumber">
        <method signature="AbstractTestNGCucumberTests.runScenario(io.cucumber.testng.PickleWrapper,io.cucumber.testng.FeatureWrapper)[pri:0, instance:runners.TestRunner@1190200a]" name="runScenario" class="io.cucumber.testng.AbstractTestNGCucumberTests"/>
      </group> <!-- cucumber -->
    </groups>
    <test started-at="2026-06-01T18:11:34 IST" name="Default test" finished-at="2026-06-01T18:13:51 IST" duration-ms="136405">
      <class name="runners.TestRunner">
        <test-method is-config="true" signature="setUpClass(org.testng.ITestContext)[pri:0, instance:runners.TestRunner@1190200a]" started-at="2026-06-01T18:11:34 IST" name="setUpClass" finished-at="2026-06-01T18:11:35 IST" duration-ms="814" status="PASS">
          <params>
            <param index="0">
              <value>
                <![CDATA[org.testng.TestRunner@70cd122]]>
              </value>
            </param>
          </params>
          <reporter-output>
          </reporter-output>
        </test-method> <!-- setUpClass -->
        <test-method signature="runScenario(io.cucumber.testng.PickleWrapper,io.cucumber.testng.FeatureWrapper)[pri:0, instance:runners.TestRunner@1190200a]" started-at="2026-06-01T18:11:35 IST" name="runScenario" description="Runs Cucumber Scenarios" data-provider="scenarios" finished-at="2026-06-01T18:12:13 IST" duration-ms="37465" status="PASS">
          <params>
            <param index="0">
              <value>
                <![CDATA["Search Holiday Homes Using Excel Data"]]>
              </value>
            </param>
            <param index="1">
              <value>
                <![CDATA["Holiday Home Search"]]>
              </value>
            </param>
          </params>
          <reporter-output>
          </reporter-output>
        </test-method> <!-- runScenario -->
        <test-method signature="runScenario(io.cucumber.testng.PickleWrapper,io.cucumber.testng.FeatureWrapper)[pri:0, instance:runners.TestRunner@1190200a]" started-at="2026-06-01T18:12:13 IST" name="runScenario" description="Runs Cucumber Scenarios" data-provider="scenarios" finished-at="2026-06-01T18:12:58 IST" duration-ms="45347" status="PASS">
          <params>
            <param index="0">
              <value>
                <![CDATA["Verify Amenity On First Property"]]>
              </value>
            </param>
            <param index="1">
              <value>
                <![CDATA["Holiday Home Search"]]>
              </value>
            </param>
          </params>
          <reporter-output>
          </reporter-output>
        </test-method> <!-- runScenario -->
        <test-method signature="runScenario(io.cucumber.testng.PickleWrapper,io.cucumber.testng.FeatureWrapper)[pri:0, instance:runners.TestRunner@1190200a]" started-at="2026-06-01T18:12:58 IST" name="runScenario" description="Runs Cucumber Scenarios" data-provider="scenarios" finished-at="2026-06-01T18:13:51 IST" duration-ms="52640" status="PASS">
          <params>
            <param index="0">
              <value>
                <![CDATA["Invalid Search Validation"]]>
              </value>
            </param>
            <param index="1">
              <value>
                <![CDATA["Validation"]]>
              </value>
            </param>
          </params>
          <reporter-output>
          </reporter-output>
        </test-method> <!-- runScenario -->
        <test-method is-config="true" signature="tearDownClass()[pri:0, instance:runners.TestRunner@1190200a]" started-at="2026-06-01T18:13:51 IST" name="tearDownClass" finished-at="2026-06-01T18:13:51 IST" duration-ms="65" status="PASS">
          <reporter-output>
          </reporter-output>
        </test-method> <!-- tearDownClass -->
      </class> <!-- runners.TestRunner -->
    </test> <!-- Default test -->
  </suite> <!-- Default suite -->
</testng-results>
