<?xml version="1.0" encoding="UTF-8"?>
<!-- Generated by org.testng.reporters.JUnitReportReporter -->
<testsuite hostname="SANGEETH" failures="0" tests="3" name="runners.TestRunner" time="751.630" errors="0" timestamp="2026-05-31T13:46:49 IST" skipped="0">
  <testcase classname="runners.TestRunner" name="runScenario" time="286.816"/>
  <testcase classname="runners.TestRunner" name="runScenario" time="217.559"/>
  <testcase classname="runners.TestRunner" name="runScenario" time="247.255"/>
</testsuite> <!-- runners.TestRunner -->
